

Version:	3.50
CmdLine:	D:\KSW\eclipse\workspace\GPj\src\day05\product\runner.exe --l4j-debug
JNI:		No
WOW64:		Yes
Working dir:	D:\KSW\eclipse\workspace\GPj\src\day05\product\.
Requires JDK:	No
Requires 64-Bit: No
Java min ver:	
Java max ver:	
Substitute:	JAVA_HOME = D:\KSW\jdk-17.0.12
Substitute:	PATH = D:\KSW\jdk-17.0.12\bin;C:\WINDOWS\system32;C:\WINDOWS;C:\WINDOWS\System32\Wbem;C:\WINDOWS\System32\WindowsPowerShell\v1.0\;C:\WINDOWS\System32\OpenSSH\;C:\Program Files\Git\cmd;C:\Users\user\AppData\Local\Microsoft\WindowsApps;D:\KSW\jdk-17.0.12\bin
JRE paths:	D:\KSW\jdk-17.0.12;D:\KSW\jdk-17.0.12\bin;C:\WINDOWS\system32;C:\WINDOWS;C:\WINDOWS\System32\Wbem;C:\WINDOWS\System32\WindowsPowerShell\v1.0\;C:\WINDOWS\System32\OpenSSH\;C:\Program Files\Git\cmd;C:\Users\user\AppData\Local\Microsoft\WindowsApps;D:\KSW\jdk-17.0.12\bin
Check launcher:	D:\KSW\jdk-17.0.12\bin\javaw.exe (OK)
Version string: 1.017.000_012 / 64-Bit (OK)
Main class:	day05.E
Info:		Classpath not defined.
Launcher:	D:\KSW\jdk-17.0.12\bin\javaw.exe
Launcher args:	-classpath "D:\KSW\eclipse\workspace\GPj\src\day05\product\runner.exe" day05.E
Args length:	78/32768 chars
Exit code:	0


Version:	3.50
CmdLine:	D:\KSW\eclipse\workspace\GPj\src\day05\product\runner.exe --l4j-debug
JNI:		No
WOW64:		Yes
Working dir:	D:\KSW\eclipse\workspace\GPj\src\day05\product\.
Requires JDK:	No
Requires 64-Bit: No
Java min ver:	
Java max ver:	
Substitute:	JAVA_HOME = D:\KSW\jdk-17.0.12
Substitute:	PATH = D:\KSW\jdk-17.0.12\bin;C:\WINDOWS\system32;C:\WINDOWS;C:\WINDOWS\System32\Wbem;C:\WINDOWS\System32\WindowsPowerShell\v1.0\;C:\WINDOWS\System32\OpenSSH\;C:\Program Files\Git\cmd;C:\Users\user\AppData\Local\Microsoft\WindowsApps;D:\KSW\jdk-17.0.12\bin
JRE paths:	D:\KSW\jdk-17.0.12;D:\KSW\jdk-17.0.12\bin;C:\WINDOWS\system32;C:\WINDOWS;C:\WINDOWS\System32\Wbem;C:\WINDOWS\System32\WindowsPowerShell\v1.0\;C:\WINDOWS\System32\OpenSSH\;C:\Program Files\Git\cmd;C:\Users\user\AppData\Local\Microsoft\WindowsApps;D:\KSW\jdk-17.0.12\bin
Check launcher:	D:\KSW\jdk-17.0.12\bin\javaw.exe (OK)
Version string: 1.017.000_012 / 64-Bit (OK)
Main class:	day05.E
Info:		Classpath not defined.
Launcher:	D:\KSW\jdk-17.0.12\bin\javaw.exe
Launcher args:	-classpath "D:\KSW\eclipse\workspace\GPj\src\day05\product\runner.exe" day05.E
Args length:	78/32768 chars
Exit code:	0


Version:	3.50
CmdLine:	D:\KSW\eclipse\workspace\GPj\src\day05\product\runner.exe --l4j-debug
JNI:		No
WOW64:		Yes
Working dir:	D:\KSW\eclipse\workspace\GPj\src\day05\product\.
Requires JDK:	No
Requires 64-Bit: No
Java min ver:	
Java max ver:	
Substitute:	JAVA_HOME = D:\KSW\jdk-17.0.12
Substitute:	PATH = D:\KSW\jdk-17.0.12\bin;C:\WINDOWS\system32;C:\WINDOWS;C:\WINDOWS\System32\Wbem;C:\WINDOWS\System32\WindowsPowerShell\v1.0\;C:\WINDOWS\System32\OpenSSH\;C:\Program Files\Git\cmd;C:\Users\user\AppData\Local\Microsoft\WindowsApps;D:\KSW\jdk-17.0.12\bin
JRE paths:	D:\KSW\jdk-17.0.12;D:\KSW\jdk-17.0.12\bin;C:\WINDOWS\system32;C:\WINDOWS;C:\WINDOWS\System32\Wbem;C:\WINDOWS\System32\WindowsPowerShell\v1.0\;C:\WINDOWS\System32\OpenSSH\;C:\Program Files\Git\cmd;C:\Users\user\AppData\Local\Microsoft\WindowsApps;D:\KSW\jdk-17.0.12\bin
Check launcher:	D:\KSW\jdk-17.0.12\bin\javaw.exe (OK)
Version string: 1.017.000_012 / 64-Bit (OK)
Main class:	day05.E
Info:		Classpath not defined.
Launcher:	D:\KSW\jdk-17.0.12\bin\javaw.exe
Launcher args:	-classpath "D:\KSW\eclipse\workspace\GPj\src\day05\product\runner.exe" day05.E
Args length:	78/32768 chars
Exit code:	0


Version:	3.50
CmdLine:	D:\KSW\eclipse\workspace\GPj\src\day05\product\runner.exe --l4j-debug
JNI:		No
WOW64:		Yes
Working dir:	D:\KSW\eclipse\workspace\GPj\src\day05\product\.
Requires JDK:	No
Requires 64-Bit: No
Java min ver:	
Java max ver:	
Substitute:	JAVA_HOME = D:\KSW\jdk-17.0.12
Substitute:	PATH = D:\KSW\jdk-17.0.12\bin;C:\WINDOWS\system32;C:\WINDOWS;C:\WINDOWS\System32\Wbem;C:\WINDOWS\System32\WindowsPowerShell\v1.0\;C:\WINDOWS\System32\OpenSSH\;C:\Program Files\Git\cmd;C:\Users\user\AppData\Local\Microsoft\WindowsApps;D:\KSW\jdk-17.0.12\bin
JRE paths:	D:\KSW\jdk-17.0.12;D:\KSW\jdk-17.0.12\bin;C:\WINDOWS\system32;C:\WINDOWS;C:\WINDOWS\System32\Wbem;C:\WINDOWS\System32\WindowsPowerShell\v1.0\;C:\WINDOWS\System32\OpenSSH\;C:\Program Files\Git\cmd;C:\Users\user\AppData\Local\Microsoft\WindowsApps;D:\KSW\jdk-17.0.12\bin
Check launcher:	D:\KSW\jdk-17.0.12\bin\javaw.exe (OK)
Version string: 1.017.000_012 / 64-Bit (OK)
Main class:	day05.E
Info:		Classpath not defined.
Launcher:	D:\KSW\jdk-17.0.12\bin\javaw.exe
Launcher args:	-classpath "D:\KSW\eclipse\workspace\GPj\src\day05\product\runner.exe" day05.E
Args length:	78/32768 chars
Exit code:	0


Version:	3.50
CmdLine:	D:\KSW\eclipse\workspace\GPj\src\day05\product\runner.exe --l4j-debug
JNI:		No
WOW64:		Yes
Working dir:	D:\KSW\eclipse\workspace\GPj\src\day05\product\.
Requires JDK:	No
Requires 64-Bit: No
Java min ver:	
Java max ver:	
Substitute:	JAVA_HOME = D:\KSW\jdk-17.0.12
Substitute:	PATH = D:\KSW\jdk-17.0.12\bin;C:\WINDOWS\system32;C:\WINDOWS;C:\WINDOWS\System32\Wbem;C:\WINDOWS\System32\WindowsPowerShell\v1.0\;C:\WINDOWS\System32\OpenSSH\;C:\Program Files\Git\cmd;C:\Users\user\AppData\Local\Microsoft\WindowsApps;D:\KSW\jdk-17.0.12\bin
JRE paths:	D:\KSW\jdk-17.0.12;D:\KSW\jdk-17.0.12\bin;C:\WINDOWS\system32;C:\WINDOWS;C:\WINDOWS\System32\Wbem;C:\WINDOWS\System32\WindowsPowerShell\v1.0\;C:\WINDOWS\System32\OpenSSH\;C:\Program Files\Git\cmd;C:\Users\user\AppData\Local\Microsoft\WindowsApps;D:\KSW\jdk-17.0.12\bin
Check launcher:	D:\KSW\jdk-17.0.12\bin\javaw.exe (OK)
Version string: 1.017.000_012 / 64-Bit (OK)
Main class:	day05.E
Info:		Classpath not defined.
Launcher:	D:\KSW\jdk-17.0.12\bin\javaw.exe
Launcher args:	-classpath "D:\KSW\eclipse\workspace\GPj\src\day05\product\runner.exe" day05.E
Args length:	78/32768 chars
Exit code:	0


Version:	3.50
CmdLine:	D:\KSW\eclipse\workspace\GPj\src\day05\product\runner.exe --l4j-debug
JNI:		No
WOW64:		Yes
Working dir:	D:\KSW\eclipse\workspace\GPj\src\day05\product\.
Requires JDK:	No
Requires 64-Bit: No
Java min ver:	
Java max ver:	
Substitute:	JAVA_HOME = D:\KSW\jdk-17.0.12
Substitute:	PATH = D:\KSW\jdk-17.0.12\bin;C:\WINDOWS\system32;C:\WINDOWS;C:\WINDOWS\System32\Wbem;C:\WINDOWS\System32\WindowsPowerShell\v1.0\;C:\WINDOWS\System32\OpenSSH\;C:\Program Files\Git\cmd;C:\Users\user\AppData\Local\Microsoft\WindowsApps;D:\KSW\jdk-17.0.12\bin
JRE paths:	D:\KSW\jdk-17.0.12;D:\KSW\jdk-17.0.12\bin;C:\WINDOWS\system32;C:\WINDOWS;C:\WINDOWS\System32\Wbem;C:\WINDOWS\System32\WindowsPowerShell\v1.0\;C:\WINDOWS\System32\OpenSSH\;C:\Program Files\Git\cmd;C:\Users\user\AppData\Local\Microsoft\WindowsApps;D:\KSW\jdk-17.0.12\bin
Check launcher:	D:\KSW\jdk-17.0.12\bin\javaw.exe (OK)
Version string: 1.017.000_012 / 64-Bit (OK)
Main class:	day05.E
Info:		Classpath not defined.
Launcher:	D:\KSW\jdk-17.0.12\bin\javaw.exe
Launcher args:	-classpath "D:\KSW\eclipse\workspace\GPj\src\day05\product\runner.exe" day05.E
Args length:	78/32768 chars
Exit code:	0


Version:	3.50
CmdLine:	D:\KSW\eclipse\workspace\GPj\src\day05\product\runner.exe --l4j-debug
JNI:		No
WOW64:		Yes
Working dir:	D:\KSW\eclipse\workspace\GPj\src\day05\product\.
Requires JDK:	No
Requires 64-Bit: No
Java min ver:	
Java max ver:	
Substitute:	JAVA_HOME = D:\KSW\jdk-17.0.12
Substitute:	PATH = D:\KSW\jdk-17.0.12\bin;C:\WINDOWS\system32;C:\WINDOWS;C:\WINDOWS\System32\Wbem;C:\WINDOWS\System32\WindowsPowerShell\v1.0\;C:\WINDOWS\System32\OpenSSH\;C:\Program Files\Git\cmd;C:\Users\user\AppData\Local\Microsoft\WindowsApps;D:\KSW\jdk-17.0.12\bin
JRE paths:	D:\KSW\jdk-17.0.12;D:\KSW\jdk-17.0.12\bin;C:\WINDOWS\system32;C:\WINDOWS;C:\WINDOWS\System32\Wbem;C:\WINDOWS\System32\WindowsPowerShell\v1.0\;C:\WINDOWS\System32\OpenSSH\;C:\Program Files\Git\cmd;C:\Users\user\AppData\Local\Microsoft\WindowsApps;D:\KSW\jdk-17.0.12\bin
Check launcher:	D:\KSW\jdk-17.0.12\bin\javaw.exe (OK)
Version string: 1.017.000_012 / 64-Bit (OK)
Main class:	day05.E
Info:		Classpath not defined.
Launcher:	D:\KSW\jdk-17.0.12\bin\javaw.exe
Launcher args:	-classpath "D:\KSW\eclipse\workspace\GPj\src\day05\product\runner.exe" day05.E
Args length:	78/32768 chars
Exit code:	0


Version:	3.50
CmdLine:	D:\KSW\eclipse\workspace\GPj\src\day05\product\runner.exe --l4j-debug
JNI:		No
WOW64:		Yes
Working dir:	D:\KSW\eclipse\workspace\GPj\src\day05\product\.
Requires JDK:	No
Requires 64-Bit: No
Java min ver:	
Java max ver:	
Substitute:	JAVA_HOME = D:\KSW\jdk-17.0.12
Substitute:	PATH = D:\KSW\jdk-17.0.12\bin;C:\WINDOWS\system32;C:\WINDOWS;C:\WINDOWS\System32\Wbem;C:\WINDOWS\System32\WindowsPowerShell\v1.0\;C:\WINDOWS\System32\OpenSSH\;C:\Program Files\Git\cmd;C:\Users\user\AppData\Local\Microsoft\WindowsApps;D:\KSW\jdk-17.0.12\bin
JRE paths:	D:\KSW\jdk-17.0.12;D:\KSW\jdk-17.0.12\bin;C:\WINDOWS\system32;C:\WINDOWS;C:\WINDOWS\System32\Wbem;C:\WINDOWS\System32\WindowsPowerShell\v1.0\;C:\WINDOWS\System32\OpenSSH\;C:\Program Files\Git\cmd;C:\Users\user\AppData\Local\Microsoft\WindowsApps;D:\KSW\jdk-17.0.12\bin
Check launcher:	D:\KSW\jdk-17.0.12\bin\javaw.exe (OK)
Version string: 1.017.000_012 / 64-Bit (OK)
Main class:	day05.E
Info:		Classpath not defined.
Launcher:	D:\KSW\jdk-17.0.12\bin\javaw.exe
Launcher args:	-classpath "D:\KSW\eclipse\workspace\GPj\src\day05\product\runner.exe" day05.E
Args length:	78/32768 chars
Exit code:	0
